<?xml version="1.0" encoding="UTF-8"?>
<testsuite name="testUI.SignUpTest" tests="1" skipped="0" failures="0" errors="0" timestamp="2022-07-25T01:00:25" hostname="DESKTOP-76SE77B" time="15.886">
  <properties/>
  <testcase name="verifyLoginIsSuccessfully()" classname="testUI.SignUpTest" time="15.886"/>
  <system-out><![CDATA[]]></system-out>
  <system-err><![CDATA[SLF4J: Failed to load class "org.slf4j.impl.StaticLoggerBinder".
SLF4J: Defaulting to no-operation (NOP) logger implementation
SLF4J: See http://www.slf4j.org/codes.html#StaticLoggerBinder for further details.
Starting ChromeDriver 103.0.5060.53 (a1711811edd74ff1cf2150f36ffa3b0dae40b17f-refs/branch-heads/5060@{#853}) on port 50309
Only local connections are allowed.
Please see https://chromedriver.chromium.org/security-considerations for suggestions on keeping ChromeDriver safe.
ChromeDriver was started successfully.
jul. 24, 2022 9:00:32 P. M. org.openqa.selenium.remote.ProtocolHandshake createSession
INFORMACIÓN: Detected upstream dialect: W3C
jul. 24, 2022 9:00:32 P. M. org.openqa.selenium.devtools.CdpVersionFinder findNearestMatch
INFORMACIÓN: Found exact CDP implementation for version 103
]]></system-err>
</testsuite>
